<?xml version="1.0" encoding="UTF-8"?>
<!-- Generated by org.testng.reporters.JUnitXMLReporter -->
<testsuite ignored="0" hostname="EGCA1-0091" failures="2" tests="2" name="Test" time="0.055" errors="0" timestamp="2022-02-10T04:00:26 EET">
  <testcase classname="main.GetData" name="testBody" time="0.014">
    <failure type="java.lang.NoClassDefFoundError" message="groovy/lang/GroovyObject">
      <![CDATA[java.lang.NoClassDefFoundError: groovy/lang/GroovyObject
at java.base/java.lang.ClassLoader.defineClass1(Native Method)
at java.base/java.lang.ClassLoader.defineClass(ClassLoader.java:1016)
at java.base/java.security.SecureClassLoader.defineClass(SecureClassLoader.java:174)
at java.base/jdk.internal.loader.BuiltinClassLoader.defineClass(BuiltinClassLoader.java:800)
at java.base/jdk.internal.loader.BuiltinClassLoader.findClassOnClassPathOrNull(BuiltinClassLoader.java:698)
at java.base/jdk.internal.loader.BuiltinClassLoader.loadClassOrNull(BuiltinClassLoader.java:621)
at java.base/jdk.internal.loader.BuiltinClassLoader.loadClass(BuiltinClassLoader.java:579)
at java.base/jdk.internal.loader.ClassLoaders$AppClassLoader.loadClass(ClassLoaders.java:178)
at java.base/java.lang.ClassLoader.loadClass(ClassLoader.java:521)
at io.restassured.RestAssured.<clinit>(RestAssured.java:354)
at main.GetData.testBody(GetData.java:23)
at java.base/java.util.ArrayList.forEach(ArrayList.java:1541)
Caused by: java.lang.ClassNotFoundException: groovy.lang.GroovyObject
at java.base/jdk.internal.loader.BuiltinClassLoader.loadClass(BuiltinClassLoader.java:581)
at java.base/jdk.internal.loader.ClassLoaders$AppClassLoader.loadClass(ClassLoaders.java:178)
at java.base/java.lang.ClassLoader.loadClass(ClassLoader.java:521)
... 39 more
... Removed 27 stack frames]]>
    </failure>
  </testcase> <!-- testBody -->
  <testcase classname="main.GetData" name="testResponseCode" time="0.001">
    <failure type="java.lang.NoClassDefFoundError" message="Could not initialize class io.restassured.RestAssured">
      <![CDATA[java.lang.NoClassDefFoundError: Could not initialize class io.restassured.RestAssured
at main.GetData.testResponseCode(GetData.java:15)
at java.base/java.util.ArrayList.forEach(ArrayList.java:1541)
... Removed 27 stack frames]]>
    </failure>
  </testcase> <!-- testResponseCode -->
</testsuite> <!-- Test -->
